CRITICAL - 2026-04-13 06:39:53 --> ErrorException: Trying to access array offset on value of type null
[Method: GET, Route: stock]
in APPPATH\Views\stock\index.php on line 14.
 1 APPPATH\Views\stock\index.php(14): CodeIgniter\Debug\Exceptions->errorHandler(2, 'Trying to access array offset on value of type null', 'C:\\xampp\\htdocs\\inventarioci\\app\\Views\\stock\\index.php', 14)
 2 SYSTEMPATH\View\View.php(240): include('C:\\xampp\\htdocs\\inventarioci\\app\\Views\\stock\\index.php')
 3 SYSTEMPATH\View\View.php(243): CodeIgniter\View\View->CodeIgniter\View\{closure}()
 4 SYSTEMPATH\Common.php(1250): CodeIgniter\View\View->render('stock/index', [], true)
 5 APPPATH\Controllers\Stock.php(22): view('stock/index', [...])
 6 SYSTEMPATH\CodeIgniter.php(951): App\Controllers\Stock->index()
 7 SYSTEMPATH\CodeIgniter.php(497): CodeIgniter\CodeIgniter->runController(Object(App\Controllers\Stock))
 8 SYSTEMPATH\CodeIgniter.php(340): CodeIgniter\CodeIgniter->handleRequest(null, Object(Config\Cache), false)
 9 SYSTEMPATH\Boot.php(417): CodeIgniter\CodeIgniter->run()
10 SYSTEMPATH\Boot.php(68): CodeIgniter\Boot::runCodeIgniter(Object(CodeIgniter\CodeIgniter))
11 FCPATH\index.php(59): CodeIgniter\Boot::bootWeb(Object(Config\Paths))
CRITICAL - 2026-04-13 06:39:58 --> ErrorException: Trying to access array offset on value of type null
[Method: GET, Route: stock]
in APPPATH\Views\stock\index.php on line 14.
 1 APPPATH\Views\stock\index.php(14): CodeIgniter\Debug\Exceptions->errorHandler(2, 'Trying to access array offset on value of type null', 'C:\\xampp\\htdocs\\inventarioci\\app\\Views\\stock\\index.php', 14)
 2 SYSTEMPATH\View\View.php(240): include('C:\\xampp\\htdocs\\inventarioci\\app\\Views\\stock\\index.php')
 3 SYSTEMPATH\View\View.php(243): CodeIgniter\View\View->CodeIgniter\View\{closure}()
 4 SYSTEMPATH\Common.php(1250): CodeIgniter\View\View->render('stock/index', [], true)
 5 APPPATH\Controllers\Stock.php(22): view('stock/index', [...])
 6 SYSTEMPATH\CodeIgniter.php(951): App\Controllers\Stock->index()
 7 SYSTEMPATH\CodeIgniter.php(497): CodeIgniter\CodeIgniter->runController(Object(App\Controllers\Stock))
 8 SYSTEMPATH\CodeIgniter.php(340): CodeIgniter\CodeIgniter->handleRequest(null, Object(Config\Cache), false)
 9 SYSTEMPATH\Boot.php(417): CodeIgniter\CodeIgniter->run()
10 SYSTEMPATH\Boot.php(68): CodeIgniter\Boot::runCodeIgniter(Object(CodeIgniter\CodeIgniter))
11 FCPATH\index.php(59): CodeIgniter\Boot::bootWeb(Object(Config\Paths))
CRITICAL - 2026-04-13 06:40:35 --> ErrorException: Trying to access array offset on value of type null
[Method: GET, Route: stock]
in APPPATH\Views\stock\index.php on line 14.
 1 APPPATH\Views\stock\index.php(14): CodeIgniter\Debug\Exceptions->errorHandler(2, 'Trying to access array offset on value of type null', 'C:\\xampp\\htdocs\\inventarioci\\app\\Views\\stock\\index.php', 14)
 2 SYSTEMPATH\View\View.php(240): include('C:\\xampp\\htdocs\\inventarioci\\app\\Views\\stock\\index.php')
 3 SYSTEMPATH\View\View.php(243): CodeIgniter\View\View->CodeIgniter\View\{closure}()
 4 SYSTEMPATH\Common.php(1250): CodeIgniter\View\View->render('stock/index', [], true)
 5 APPPATH\Controllers\Stock.php(22): view('stock/index', [...])
 6 SYSTEMPATH\CodeIgniter.php(951): App\Controllers\Stock->index()
 7 SYSTEMPATH\CodeIgniter.php(497): CodeIgniter\CodeIgniter->runController(Object(App\Controllers\Stock))
 8 SYSTEMPATH\CodeIgniter.php(340): CodeIgniter\CodeIgniter->handleRequest(null, Object(Config\Cache), false)
 9 SYSTEMPATH\Boot.php(417): CodeIgniter\CodeIgniter->run()
10 SYSTEMPATH\Boot.php(68): CodeIgniter\Boot::runCodeIgniter(Object(CodeIgniter\CodeIgniter))
11 FCPATH\index.php(59): CodeIgniter\Boot::bootWeb(Object(Config\Paths))
CRITICAL - 2026-04-13 06:41:35 --> ErrorException: Trying to access array offset on value of type null
[Method: GET, Route: stock]
in APPPATH\Views\stock\index.php on line 14.
 1 APPPATH\Views\stock\index.php(14): CodeIgniter\Debug\Exceptions->errorHandler(2, 'Trying to access array offset on value of type null', 'C:\\xampp\\htdocs\\inventarioci\\app\\Views\\stock\\index.php', 14)
 2 SYSTEMPATH\View\View.php(240): include('C:\\xampp\\htdocs\\inventarioci\\app\\Views\\stock\\index.php')
 3 SYSTEMPATH\View\View.php(243): CodeIgniter\View\View->CodeIgniter\View\{closure}()
 4 SYSTEMPATH\Common.php(1250): CodeIgniter\View\View->render('stock/index', [], true)
 5 APPPATH\Controllers\Stock.php(22): view('stock/index', [...])
 6 SYSTEMPATH\CodeIgniter.php(951): App\Controllers\Stock->index()
 7 SYSTEMPATH\CodeIgniter.php(497): CodeIgniter\CodeIgniter->runController(Object(App\Controllers\Stock))
 8 SYSTEMPATH\CodeIgniter.php(340): CodeIgniter\CodeIgniter->handleRequest(null, Object(Config\Cache), false)
 9 SYSTEMPATH\Boot.php(417): CodeIgniter\CodeIgniter->run()
10 SYSTEMPATH\Boot.php(68): CodeIgniter\Boot::runCodeIgniter(Object(CodeIgniter\CodeIgniter))
11 FCPATH\index.php(59): CodeIgniter\Boot::bootWeb(Object(Config\Paths))
CRITICAL - 2026-04-13 06:45:03 --> ErrorException: Trying to access array offset on value of type null
[Method: GET, Route: stock]
in APPPATH\Views\stock\index.php on line 20.
 1 APPPATH\Views\stock\index.php(20): CodeIgniter\Debug\Exceptions->errorHandler(2, 'Trying to access array offset on value of type null', 'C:\\xampp\\htdocs\\inventarioci\\app\\Views\\stock\\index.php', 20)
 2 SYSTEMPATH\View\View.php(240): include('C:\\xampp\\htdocs\\inventarioci\\app\\Views\\stock\\index.php')
 3 SYSTEMPATH\View\View.php(243): CodeIgniter\View\View->CodeIgniter\View\{closure}()
 4 SYSTEMPATH\Common.php(1250): CodeIgniter\View\View->render('stock/index', [], true)
 5 APPPATH\Controllers\Stock.php(22): view('stock/index', [...])
 6 SYSTEMPATH\CodeIgniter.php(951): App\Controllers\Stock->index()
 7 SYSTEMPATH\CodeIgniter.php(497): CodeIgniter\CodeIgniter->runController(Object(App\Controllers\Stock))
 8 SYSTEMPATH\CodeIgniter.php(340): CodeIgniter\CodeIgniter->handleRequest(null, Object(Config\Cache), false)
 9 SYSTEMPATH\Boot.php(417): CodeIgniter\CodeIgniter->run()
10 SYSTEMPATH\Boot.php(68): CodeIgniter\Boot::runCodeIgniter(Object(CodeIgniter\CodeIgniter))
11 FCPATH\index.php(59): CodeIgniter\Boot::bootWeb(Object(Config\Paths))
ERROR - 2026-04-13 07:11:56 --> Table 'roles' already exists
in SYSTEMPATH\Database\MySQLi\Connection.php on line 300.
 1 SYSTEMPATH\Database\MySQLi\Connection.php(300): mysqli->query('CREATE TABLE `roles` (
	`id` INT(11) UNSIGNED NOT NULL AUTO_INCREMENT,
	`nombre` VARCHAR(50) NOT NULL,
	`descripcion` TEXT NULL,
	`created_at` TIMESTAMP NOT NULL DEFAULT \'CURRENT_TIMESTAMP\',
	`updated_at` TIMESTAMP NOT NULL DEFAULT \'CURRENT_TIMESTAMP ON UPDATE CURRENT_TIMESTAMP\',
	CONSTRAINT `pk_roles` PRIMARY KEY(`id`),
	UNIQUE KEY `nombre` (`nombre`)
) DEFAULT CHARACTER SET = utf8mb4 COLLATE = utf8mb4_unicode_ci', 0)
 2 SYSTEMPATH\Database\BaseConnection.php(910): CodeIgniter\Database\MySQLi\Connection->execute('CREATE TABLE `roles` (
	`id` INT(11) UNSIGNED NOT NULL AUTO_INCREMENT,
	`nombre` VARCHAR(50) NOT NULL,
	`descripcion` TEXT NULL,
	`created_at` TIMESTAMP NOT NULL DEFAULT \'CURRENT_TIMESTAMP\',
	`updated_at` TIMESTAMP NOT NULL DEFAULT \'CURRENT_TIMESTAMP ON UPDATE CURRENT_TIMESTAMP\',
	CONSTRAINT `pk_roles` PRIMARY KEY(`id`),
	UNIQUE KEY `nombre` (`nombre`)
) DEFAULT CHARACTER SET = utf8mb4 COLLATE = utf8mb4_unicode_ci')
 3 SYSTEMPATH\Database\BaseConnection.php(827): CodeIgniter\Database\BaseConnection->simpleQuery('CREATE TABLE `roles` (
	`id` INT(11) UNSIGNED NOT NULL AUTO_INCREMENT,
	`nombre` VARCHAR(50) NOT NULL,
	`descripcion` TEXT NULL,
	`created_at` TIMESTAMP NOT NULL DEFAULT \'CURRENT_TIMESTAMP\',
	`updated_at` TIMESTAMP NOT NULL DEFAULT \'CURRENT_TIMESTAMP ON UPDATE CURRENT_TIMESTAMP\',
	CONSTRAINT `pk_roles` PRIMARY KEY(`id`),
	UNIQUE KEY `nombre` (`nombre`)
) DEFAULT CHARACTER SET = utf8mb4 COLLATE = utf8mb4_unicode_ci')
 4 SYSTEMPATH\Database\Forge.php(570): CodeIgniter\Database\BaseConnection->query('CREATE TABLE `roles` (
	`id` INT(11) UNSIGNED NOT NULL AUTO_INCREMENT,
	`nombre` VARCHAR(50) NOT NULL,
	`descripcion` TEXT NULL,
	`created_at` TIMESTAMP NOT NULL DEFAULT \'CURRENT_TIMESTAMP\',
	`updated_at` TIMESTAMP NOT NULL DEFAULT \'CURRENT_TIMESTAMP ON UPDATE CURRENT_TIMESTAMP\',
	CONSTRAINT `pk_roles` PRIMARY KEY(`id`),
	UNIQUE KEY `nombre` (`nombre`)
) DEFAULT CHARACTER SET = utf8mb4 COLLATE = utf8mb4_unicode_ci')
 5 APPPATH\Database\Migrations\2024-01-01-000001_CreateRolesTable.php(38): CodeIgniter\Database\Forge->createTable('roles')
 6 SYSTEMPATH\Database\MigrationRunner.php(1014): App\Database\Migrations\CreateRolesTable->up()
 7 SYSTEMPATH\Database\MigrationRunner.php(202): CodeIgniter\Database\MigrationRunner->migrate('up', Object(stdClass))
 8 SYSTEMPATH\Commands\Database\Migrate.php(89): CodeIgniter\Database\MigrationRunner->latest(null)
 9 SYSTEMPATH\CLI\SignalTrait.php(245): CodeIgniter\Commands\Database\Migrate::CodeIgniter\Commands\Database\{closure}()
10 SYSTEMPATH\Commands\Database\Migrate.php(88): CodeIgniter\Commands\Database\Migrate->withSignalsBlocked(Object(Closure))
11 SYSTEMPATH\CLI\Commands.php(74): CodeIgniter\Commands\Database\Migrate->run([...])
12 SYSTEMPATH\CLI\Console.php(47): CodeIgniter\CLI\Commands->run('migrate', [...])
13 SYSTEMPATH\Boot.php(442): CodeIgniter\CLI\Console->run()
14 SYSTEMPATH\Boot.php(166): CodeIgniter\Boot::runCommand(Object(CodeIgniter\CLI\Console))
15 ROOTPATH\spark(87): CodeIgniter\Boot::bootSpark(Object(Config\Paths))
